(---------------------------------------------------------------------)
(                                                                     )
(    NC DRILL Log                                                     )
(                                                                     )
(    Drawing          : #Taaaaah04488.tmp                             )
(    Software Version : 16.6P004                                      )
(    Date/Time        : Sat Dec 06 09:43:39 2025                      )
(                                                                     )
(---------------------------------------------------------------------)



 Processing NC Parameters file 'nc_param.txt' ...

 NC PARAMETERS
 -------------

 FORMAT   		2.5
 MACHINE-OFFSET		x:0.000000	y:0.000000
 FEEDRATE		1
 COORDINATES		ABSOLUTE
 OUTPUT-UNITS		ENGLISH
 TOOL-ORDER		INCREASING
 REPEAT-CODES		YES
 SUPPRESS-LEAD-ZEROES	NO
 SUPPRESS-TRAIL-ZEROES	NO
 SUPPRESS-EQUAL		NO
 TOOL-SELECT		YES
 HEADER			none
 LEADER			12
 CODE			ASCII
 SEPARATE		NO
 SEPARATE-ROUTING	NO
 OPTIMIZE_DRILLING	NO
 ENHANCED_EXCELLON	NO
 SCALE			1.000000

 WARNING(SPMHMF-358): Design precision is the same as that of the drill output file data.
 WARNING(SPMHMF-359): Data rounding errors may still be possible.
 WARNING(SPMHMF-368): Cannot find NC Drill tool file 'nc_tools.txt'
 WARNING(SPMHMF-369): ... will auto-generate tool file 'nc_tools_auto.txt'.


     Auto-generating tool file 'nc_tools_auto.txt' ...

           Size  Plating  Tool        + Tolerance  - Tolerance

          15.74  P        T01            0.000000     0.000000


 Drill files being output to directory 'C:/Users/Adelin/Downloads/P1/2025-2026/pcb26____/proiect_cef_ok/allegro' ...



     'LAYOUT-1-2.drl' created for holes connecting TOP and BOTTOM
     ------------------------------------------------------------

     Tool  Num     Size      +/- Tolerance     Plating   Quantity

     T01    1.  15.7400    0.0000/  0.0000      PLATED         10

     ---- Total holes:                                         10

     ---- Total head travel:              0.52 feet (0.16 meters)

