(---------------------------------------------------------------------)
(                                                                     )
(    Allegro Netrev Import Logic                                      )
(                                                                     )
(    Drawing          : LAYOUT_25_26.brd                              )
(    Software Version : 16.6P004                                      )
(    Date/Time        : Sat Dec 06 09:08:47 2025                      )
(                                                                     )
(---------------------------------------------------------------------)


------ Directives ------

RIPUP_ETCH FALSE;
RIPUP_DELETE_FIRST_SEGMENT FALSE;
RIPUP_RETAIN_BONDWIRE FALSE;
RIPUP_SYMBOLS ALWAYS;
Missing symbol has error FALSE;
SCHEMATIC_DIRECTORY 'C:\USERS\ADELIN\DOWNLOADS\P1\2025-2026\PCB26____\PROIECT_CEF_OK\allegro';
BOARD_DIRECTORY '';
OLD_BOARD_NAME 'C:/Users/Adelin/Downloads/for Layout/LAYOUT_25_26.brd';
NEW_BOARD_NAME 'LAYOUT.brd';

CmdLine: netrev.exe -y 1 -i C:\USERS\ADELIN\DOWNLOADS\P1\2025-2026\PCB26____\PROIECT_CEF_OK\allegro C:\Users\Adelin\Downloads\for Layout\LAYOUT_25_26.brd C:\USERS\ADELIN\DOWNLOADS\P1\2025-2026\PCB26____\PROIECT_CEF_OK\allegro\LAYOUT.brd

------ Preparing to read pst files ------

Starting to read C:/USERS/ADELIN/DOWNLOADS/P1/2025-2026/PCB26____/PROIECT_CEF_OK/allegro/pstchip.dat 
   Finished reading C:/USERS/ADELIN/DOWNLOADS/P1/2025-2026/PCB26____/PROIECT_CEF_OK/allegro/pstchip.dat (00:00:00.05)
Starting to read C:/USERS/ADELIN/DOWNLOADS/P1/2025-2026/PCB26____/PROIECT_CEF_OK/allegro/pstxprt.dat 
   Finished reading C:/USERS/ADELIN/DOWNLOADS/P1/2025-2026/PCB26____/PROIECT_CEF_OK/allegro/pstxprt.dat (00:00:00.00)
Starting to read C:/USERS/ADELIN/DOWNLOADS/P1/2025-2026/PCB26____/PROIECT_CEF_OK/allegro/pstxnet.dat 
   Finished reading C:/USERS/ADELIN/DOWNLOADS/P1/2025-2026/PCB26____/PROIECT_CEF_OK/allegro/pstxnet.dat (00:00:00.00)

------ Oversights/Warnings/Errors ------


------ Library Paths ------
MODULEPATH =  . 
           C:/Cadence/SPB_16.6/share/local/pcb/modules 

PSMPATH =  . 
           symbols 
           .. 
           ../symbols 
           C:/Cadence/SPB_16.6/share/local/pcb/symbols 
           C:/Cadence/SPB_16.6/share/pcb/pcb_lib/symbols 
           C:/Cadence/SPB_16.6/share/pcb/allegrolib/symbols 

PADPATH =  . 
           symbols 
           .. 
           ../symbols 
           C:/Cadence/SPB_16.6/share/local/pcb/padstacks 
           C:/Cadence/SPB_16.6/share/pcb/pcb_lib/symbols 
           C:/Cadence/SPB_16.6/share/pcb/allegrolib/symbols 


------ Summary Statistics ------


netrev run on Dec 6 9:08:47 2025
   DESIGN NAME : 'PROIECT_CEF_OK'
   PACKAGING ON Sep 10 2012 04:46:09

   COMPILE 'logic'
   CHECK_PIN_NAMES OFF
   CROSS_REFERENCE OFF
   FEEDBACK OFF
   INCREMENTAL OFF
   INTERFACE_TYPE PHYSICAL
   MAX_ERRORS 500
   MERGE_MINIMUM 5
   NET_NAME_CHARS '#%&()*+-./:=>?@[]^_`|'
   NET_NAME_LENGTH 24
   OVERSIGHTS ON
   REPLACE_CHECK OFF
   SINGLE_NODE_NETS ON
   SPLIT_MINIMUM 0
   SUPPRESS   20
   WARNINGS ON

 No error detected
 No oversight detected
 No warning detected

cpu time      0:00:48
elapsed time  0:00:00

