(---------------------------------------------------------------------)
(                                                                     )
(    ARTWORK LOG                                                      )
(                                                                     )
(    Drawing          : LAYOUT.brd                                    )
(    Software Version : 16.6P004                                      )
(    Date/Time        : Sat Dec 06 09:43:16 2025                      )
(                                                                     )
(---------------------------------------------------------------------)


 ---- Photoplot outline rectangle not found ... using drawing extents




 Can't open parameter file ... using default values:
     DEVICE-TYPE        GERBER6X00
     G-CODES            NO
     STATIONS-PER-WHEEL 24
     FILM-SIZE          24000 16000
     COORDINATES        ABSOLUTE
     OUTPUT-UNITS       INCHES
     FORMAT             5.3
     ABORT-ON-ERROR     abort film & continue
     SUPPRESS-LEAD-ZEROES     YES
     SUPPRESS-TRAIL-ZEROES    NO
     OPTIMIZE           YES
     SUPPRESS-EQUAL     YES
     SCALE              1.0




================================================================
     PROCESSING FILM < TOP >
     TO FILE < C:/Users/Adelin/Downloads/P1/2025-2026/pcb26____/proiect_cef_ok/allegro/TOP.art > ...
================================================================

  FILM PARAMETERS :
  ---------------------------------------------------------
  Undefined line width                7.00
  Mirror code                         NONE
  Rotate angle                        NONE
  Offset x:                           0.00
  Offset y:                           0.00
  Plot negative                       NO
  Suppress unconnected internal pads  NO
  Draw holes only                     NO



  APERTURES USED:
  ---------------------------------------------------------
  TYPE       SIZE/NAME                   ROT   MIRROR MODE 
  ---------------------------------------------------------
  CIRCLE     0.01800                                  DARK 
  CIRCLE     0.03000                                  DARK 
  CIRCLE     0.04000                                  DARK 
  SQUARE     0.05000                     0.000 NO     DARK 
  RECTANGLE  0.05000     x 0.03600       0.000 NO     DARK 
  RECTANGLE  0.05000     x 0.03600      90.000 NO     DARK 
  RECTANGLE  0.07600     x 0.04800      90.000 NO     DARK 
  RECTANGLE  0.08000     x 0.12000       0.000 NO     DARK 
  RECTANGLE  0.08000     x 0.12000      90.000 NO     DARK 
  RECTANGLE  0.11811     x 0.06299      90.000 NO     DARK 
  RECTANGLE  0.24409     x 0.22835      90.000 NO     DARK 

     TOP created with warnings


================================================================
     PROCESSING FILM < BOTTOM >
     TO FILE < C:/Users/Adelin/Downloads/P1/2025-2026/pcb26____/proiect_cef_ok/allegro/BOTTOM.art > ...
================================================================

  FILM PARAMETERS :
  ---------------------------------------------------------
  Undefined line width                7.00
  Mirror code                         NONE
  Rotate angle                        NONE
  Offset x:                           0.00
  Offset y:                           0.00
  Plot negative                       NO
  Suppress unconnected internal pads  NO
  Draw holes only                     NO



  APERTURES USED:
  ---------------------------------------------------------
  TYPE       SIZE/NAME                   ROT   MIRROR MODE 
  ---------------------------------------------------------
  CIRCLE     0.01800                                  DARK 
  CIRCLE     0.03000                                  DARK 

     BOTTOM created with warnings


================================================================
     PROCESSING FILM < BO >
     TO FILE < C:/Users/Adelin/Downloads/P1/2025-2026/pcb26____/proiect_cef_ok/allegro/BO.art > ...
================================================================

  FILM PARAMETERS :
  ---------------------------------------------------------
  Undefined line width                7.00
  Mirror code                         NONE
  Rotate angle                        NONE
  Offset x:                           0.00
  Offset y:                           0.00
  Plot negative                       NO
  Suppress unconnected internal pads  NO
  Draw holes only                     NO



  APERTURES USED:
  ---------------------------------------------------------
  TYPE       SIZE/NAME                   ROT   MIRROR MODE 
  ---------------------------------------------------------
  CIRCLE     0.00700                                  DARK 

     BO created with warnings


================================================================
     PROCESSING FILM < SSTOP >
     TO FILE < C:/Users/Adelin/Downloads/P1/2025-2026/pcb26____/proiect_cef_ok/allegro/SSTOP.art > ...
================================================================

  FILM PARAMETERS :
  ---------------------------------------------------------
  Undefined line width                7.00
  Mirror code                         NONE
  Rotate angle                        NONE
  Offset x:                           0.00
  Offset y:                           0.00
  Plot negative                       NO
  Suppress unconnected internal pads  NO
  Draw holes only                     NO



  APERTURES USED:
  ---------------------------------------------------------
  TYPE       SIZE/NAME                   ROT   MIRROR MODE 
  ---------------------------------------------------------
  CIRCLE     0.00600                                  DARK 
  CIRCLE     0.00700                                  DARK 
  CIRCLE     0.00787                                  DARK 

     SSTOP created with warnings


================================================================
     PROCESSING FILM < SMTOP >
     TO FILE < C:/Users/Adelin/Downloads/P1/2025-2026/pcb26____/proiect_cef_ok/allegro/SMTOP.art > ...
================================================================

  FILM PARAMETERS :
  ---------------------------------------------------------
  Undefined line width                7.00
  Mirror code                         NONE
  Rotate angle                        NONE
  Offset x:                           0.00
  Offset y:                           0.00
  Plot negative                       NO
  Suppress unconnected internal pads  NO
  Draw holes only                     NO



  APERTURES USED:
  ---------------------------------------------------------
  TYPE       SIZE/NAME                   ROT   MIRROR MODE 
  ---------------------------------------------------------
  CIRCLE     0.05000                                  DARK 
  CIRCLE     0.08000                                  DARK 
  SQUARE     0.06000                     0.000 NO     DARK 
  RECTANGLE  0.06000     x 0.04600       0.000 NO     DARK 
  RECTANGLE  0.06000     x 0.04600      90.000 NO     DARK 
  RECTANGLE  0.08600     x 0.05800      90.000 NO     DARK 
  RECTANGLE  0.09000     x 0.13000       0.000 NO     DARK 
  RECTANGLE  0.09000     x 0.13000      90.000 NO     DARK 
  RECTANGLE  0.12800     x 0.07200      90.000 NO     DARK 
  RECTANGLE  0.25500     x 0.23900      90.000 NO     DARK 

     SMTOP created with warnings


================================================================
     PROCESSING FILM < SMBOT >
     TO FILE < C:/Users/Adelin/Downloads/P1/2025-2026/pcb26____/proiect_cef_ok/allegro/SMBOT.art > ...
================================================================

  FILM PARAMETERS :
  ---------------------------------------------------------
  Undefined line width                7.00
  Mirror code                         NONE
  Rotate angle                        NONE
  Offset x:                           0.00
  Offset y:                           0.00
  Plot negative                       NO
  Suppress unconnected internal pads  NO
  Draw holes only                     NO



  APERTURES USED:
  ---------------------------------------------------------
  TYPE       SIZE/NAME                   ROT   MIRROR MODE 
  ---------------------------------------------------------
  CIRCLE     0.05000                                  DARK 

     SMBOT created with warnings


================================================================
     PROCESSING FILM < SPTOP >
     TO FILE < C:/Users/Adelin/Downloads/P1/2025-2026/pcb26____/proiect_cef_ok/allegro/SPTOP.art > ...
================================================================

  FILM PARAMETERS :
  ---------------------------------------------------------
  Undefined line width                7.00
  Mirror code                         NONE
  Rotate angle                        NONE
  Offset x:                           0.00
  Offset y:                           0.00
  Plot negative                       NO
  Suppress unconnected internal pads  NO
  Draw holes only                     NO



  APERTURES USED:
  ---------------------------------------------------------
  TYPE       SIZE/NAME                   ROT   MIRROR MODE 
  ---------------------------------------------------------
  CIRCLE     0.03600                                  DARK 
  SQUARE     0.04500                     0.000 NO     DARK 
  RECTANGLE  0.04500     x 0.03300       0.000 NO     DARK 
  RECTANGLE  0.04500     x 0.03300      90.000 NO     DARK 
  RECTANGLE  0.06900     x 0.04400      90.000 NO     DARK 
  RECTANGLE  0.07200     x 0.10800       0.000 NO     DARK 
  RECTANGLE  0.07200     x 0.10800      90.000 NO     DARK 
  RECTANGLE  0.10700     x 0.05600      90.000 NO     DARK 
  RECTANGLE  0.22200     x 0.20600      90.000 NO     DARK 

     SPTOP created with warnings


================================================================
     PROCESSING FILM < FAB >
     TO FILE < C:/Users/Adelin/Downloads/P1/2025-2026/pcb26____/proiect_cef_ok/allegro/FAB.art > ...
================================================================

  FILM PARAMETERS :
  ---------------------------------------------------------
  Undefined line width                7.00
  Mirror code                         NONE
  Rotate angle                        NONE
  Offset x:                           0.00
  Offset y:                           0.00
  Plot negative                       NO
  Suppress unconnected internal pads  NO
  Draw holes only                     NO

    WARNING: text composed 0 width line found at (-1391.50 -1288.50)
           ... using undefined line width of 7.00

    WARNING: 0 width line found at (-1841.00 -1101.00)
           ... using undefined line width of 7.00

    WARNING: Multiple 0 width lines; all will be treated the same as the first.
           ... using undefined line width of 7.00

    WARNING: text having Multiple 0 width lines; all will be treated the same as the first.
           ... using undefined line width of 7.00



  APERTURES USED:
  ---------------------------------------------------------
  TYPE       SIZE/NAME                   ROT   MIRROR MODE 
  ---------------------------------------------------------
  CIRCLE     0.00700                                  DARK 

     FAB created with warnings


------------------------------------------------------
 SUMMARY:
        TOP created with warnings
        BOTTOM created with warnings
        BO created with warnings
        SSTOP created with warnings
        SMTOP created with warnings
        SMBOT created with warnings
        SPTOP created with warnings
        FAB created with warnings

 ARTWORK had warnings
